# JMH version: 1.23
# VM version: JDK 1.8.0_261, Java HotSpot(TM) 64-Bit Server VM, 25.261-b12
# VM invoker: D:\Java\jdk\jdk1.8.0_261\jre\bin\java.exe
# VM options: -javaagent:D:\Java\app\ideaIU-2019.3.1\lib\idea_rt.jar=7876:D:\Java\app\ideaIU-2019.3.1\bin -Dfile.encoding=UTF-8
# Warmup: 2 iterations, 1 s each
# Measurement: 5 iterations, 3 s each
# Timeout: 10 min per iteration
# Threads: 1 thread, will synchronize iterations
# Benchmark mode: Throughput, ops/time
# Benchmark: com.ly.hashmap.TraversalPerformanceTest.entrySet

# Run progress: 0.00% complete, ETA 00:01:59
# Fork: 1 of 1
# Warmup Iteration   1: 0.207 ops/ms
# Warmup Iteration   2: 0.326 ops/ms
Iteration   1: 0.387 ops/ms
Iteration   2: 0.500 ops/ms
Iteration   3: 0.486 ops/ms
Iteration   4: 0.467 ops/ms
Iteration   5: 0.490 ops/ms


Result "com.ly.hashmap.TraversalPerformanceTest.entrySet":
  0.466 ±(99.9%) 0.176 ops/ms [Average]
  (min, avg, max) = (0.387, 0.466, 0.500), stdev = 0.046
  CI (99.9%): [0.290, 0.642] (assumes normal distribution)


# JMH version: 1.23
# VM version: JDK 1.8.0_261, Java HotSpot(TM) 64-Bit Server VM, 25.261-b12
# VM invoker: D:\Java\jdk\jdk1.8.0_261\jre\bin\java.exe
# VM options: -javaagent:D:\Java\app\ideaIU-2019.3.1\lib\idea_rt.jar=7876:D:\Java\app\ideaIU-2019.3.1\bin -Dfile.encoding=UTF-8
# Warmup: 2 iterations, 1 s each
# Measurement: 5 iterations, 3 s each
# Timeout: 10 min per iteration
# Threads: 1 thread, will synchronize iterations
# Benchmark mode: Throughput, ops/time
# Benchmark: com.ly.hashmap.TraversalPerformanceTest.forEachEntrySet

# Run progress: 14.29% complete, ETA 00:01:49
# Fork: 1 of 1
# Warmup Iteration   1: 0.319 ops/ms
# Warmup Iteration   2: 0.358 ops/ms
Iteration   1: 0.395 ops/ms
Iteration   2: 0.359 ops/ms
Iteration   3: 0.419 ops/ms
Iteration   4: 0.493 ops/ms
Iteration   5: 0.497 ops/ms


Result "com.ly.hashmap.TraversalPerformanceTest.forEachEntrySet":
  0.432 ±(99.9%) 0.235 ops/ms [Average]
  (min, avg, max) = (0.359, 0.432, 0.497), stdev = 0.061
  CI (99.9%): [0.197, 0.667] (assumes normal distribution)


# JMH version: 1.23
# VM version: JDK 1.8.0_261, Java HotSpot(TM) 64-Bit Server VM, 25.261-b12
# VM invoker: D:\Java\jdk\jdk1.8.0_261\jre\bin\java.exe
# VM options: -javaagent:D:\Java\app\ideaIU-2019.3.1\lib\idea_rt.jar=7876:D:\Java\app\ideaIU-2019.3.1\bin -Dfile.encoding=UTF-8
# Warmup: 2 iterations, 1 s each
# Measurement: 5 iterations, 3 s each
# Timeout: 10 min per iteration
# Threads: 1 thread, will synchronize iterations
# Benchmark mode: Throughput, ops/time
# Benchmark: com.ly.hashmap.TraversalPerformanceTest.forEachKeySet

# Run progress: 28.57% complete, ETA 00:01:30
# Fork: 1 of 1
# Warmup Iteration   1: 0.382 ops/ms
# Warmup Iteration   2: 0.352 ops/ms
Iteration   1: 0.407 ops/ms
Iteration   2: 0.438 ops/ms
Iteration   3: 0.434 ops/ms
Iteration   4: 0.488 ops/ms
Iteration   5: 0.485 ops/ms


Result "com.ly.hashmap.TraversalPerformanceTest.forEachKeySet":
  0.451 ±(99.9%) 0.135 ops/ms [Average]
  (min, avg, max) = (0.407, 0.451, 0.488), stdev = 0.035
  CI (99.9%): [0.315, 0.586] (assumes normal distribution)


# JMH version: 1.23
# VM version: JDK 1.8.0_261, Java HotSpot(TM) 64-Bit Server VM, 25.261-b12
# VM invoker: D:\Java\jdk\jdk1.8.0_261\jre\bin\java.exe
# VM options: -javaagent:D:\Java\app\ideaIU-2019.3.1\lib\idea_rt.jar=7876:D:\Java\app\ideaIU-2019.3.1\bin -Dfile.encoding=UTF-8
# Warmup: 2 iterations, 1 s each
# Measurement: 5 iterations, 3 s each
# Timeout: 10 min per iteration
# Threads: 1 thread, will synchronize iterations
# Benchmark mode: Throughput, ops/time
# Benchmark: com.ly.hashmap.TraversalPerformanceTest.keySet

# Run progress: 42.86% complete, ETA 00:01:12
# Fork: 1 of 1
# Warmup Iteration   1: 0.436 ops/ms
# Warmup Iteration   2: 0.457 ops/ms
Iteration   1: 0.463 ops/ms
Iteration   2: 0.406 ops/ms
Iteration   3: 0.423 ops/ms
Iteration   4: 0.434 ops/ms
Iteration   5: 0.476 ops/ms


Result "com.ly.hashmap.TraversalPerformanceTest.keySet":
  0.440 ±(99.9%) 0.111 ops/ms [Average]
  (min, avg, max) = (0.406, 0.440, 0.476), stdev = 0.029
  CI (99.9%): [0.329, 0.552] (assumes normal distribution)


# JMH version: 1.23
# VM version: JDK 1.8.0_261, Java HotSpot(TM) 64-Bit Server VM, 25.261-b12
# VM invoker: D:\Java\jdk\jdk1.8.0_261\jre\bin\java.exe
# VM options: -javaagent:D:\Java\app\ideaIU-2019.3.1\lib\idea_rt.jar=7876:D:\Java\app\ideaIU-2019.3.1\bin -Dfile.encoding=UTF-8
# Warmup: 2 iterations, 1 s each
# Measurement: 5 iterations, 3 s each
# Timeout: 10 min per iteration
# Threads: 1 thread, will synchronize iterations
# Benchmark mode: Throughput, ops/time
# Benchmark: com.ly.hashmap.TraversalPerformanceTest.lambda

# Run progress: 57.14% complete, ETA 00:00:53
# Fork: 1 of 1
# Warmup Iteration   1: 0.381 ops/ms
# Warmup Iteration   2: 0.399 ops/ms
Iteration   1: 0.503 ops/ms
Iteration   2: 0.487 ops/ms
Iteration   3: 0.492 ops/ms
Iteration   4: 0.497 ops/ms
Iteration   5: 0.498 ops/ms


Result "com.ly.hashmap.TraversalPerformanceTest.lambda":
  0.495 ±(99.9%) 0.024 ops/ms [Average]
  (min, avg, max) = (0.487, 0.495, 0.503), stdev = 0.006
  CI (99.9%): [0.472, 0.519] (assumes normal distribution)


# JMH version: 1.23
# VM version: JDK 1.8.0_261, Java HotSpot(TM) 64-Bit Server VM, 25.261-b12
# VM invoker: D:\Java\jdk\jdk1.8.0_261\jre\bin\java.exe
# VM options: -javaagent:D:\Java\app\ideaIU-2019.3.1\lib\idea_rt.jar=7876:D:\Java\app\ideaIU-2019.3.1\bin -Dfile.encoding=UTF-8
# Warmup: 2 iterations, 1 s each
# Measurement: 5 iterations, 3 s each
# Timeout: 10 min per iteration
# Threads: 1 thread, will synchronize iterations
# Benchmark mode: Throughput, ops/time
# Benchmark: com.ly.hashmap.TraversalPerformanceTest.parallelStreamApi

# Run progress: 71.43% complete, ETA 00:00:35
# Fork: 1 of 1
# Warmup Iteration   1: 0.414 ops/ms
# Warmup Iteration   2: 0.430 ops/ms
Iteration   1: 0.474 ops/ms
Iteration   2: 0.470 ops/ms
Iteration   3: 0.474 ops/ms
Iteration   4: 0.474 ops/ms
Iteration   5: 0.477 ops/ms


Result "com.ly.hashmap.TraversalPerformanceTest.parallelStreamApi":
  0.473 ±(99.9%) 0.009 ops/ms [Average]
  (min, avg, max) = (0.470, 0.473, 0.477), stdev = 0.002
  CI (99.9%): [0.464, 0.483] (assumes normal distribution)


# JMH version: 1.23
# VM version: JDK 1.8.0_261, Java HotSpot(TM) 64-Bit Server VM, 25.261-b12
# VM invoker: D:\Java\jdk\jdk1.8.0_261\jre\bin\java.exe
# VM options: -javaagent:D:\Java\app\ideaIU-2019.3.1\lib\idea_rt.jar=7876:D:\Java\app\ideaIU-2019.3.1\bin -Dfile.encoding=UTF-8
# Warmup: 2 iterations, 1 s each
# Measurement: 5 iterations, 3 s each
# Timeout: 10 min per iteration
# Threads: 1 thread, will synchronize iterations
# Benchmark mode: Throughput, ops/time
# Benchmark: com.ly.hashmap.TraversalPerformanceTest.streamApi

# Run progress: 85.71% complete, ETA 00:00:17
# Fork: 1 of 1
# Warmup Iteration   1: 0.437 ops/ms
# Warmup Iteration   2: 0.469 ops/ms
Iteration   1: 0.501 ops/ms
Iteration   2: 0.492 ops/ms
Iteration   3: 0.497 ops/ms
Iteration   4: 0.495 ops/ms
Iteration   5: 0.502 ops/ms


Result "com.ly.hashmap.TraversalPerformanceTest.streamApi":
  0.497 ±(99.9%) 0.016 ops/ms [Average]
  (min, avg, max) = (0.492, 0.497, 0.502), stdev = 0.004
  CI (99.9%): [0.481, 0.513] (assumes normal distribution)


# Run complete. Total time: 00:02:05

REMEMBER: The numbers below are just data. To gain reusable insights, you need to follow up on
why the numbers are the way they are. Use profilers (see -prof, -lprof), design factorial
experiments, perform baseline and negative tests that provide experimental control, make sure
the benchmarking environment is safe on JVM/OS/HW level, ask for reviews from the domain experts.
Do not assume the numbers tell you what you want them to tell.

Benchmark                                    Mode  Cnt  Score   Error   Units
TraversalPerformanceTest.entrySet           thrpt    5  0.466 ± 0.176  ops/ms
TraversalPerformanceTest.forEachEntrySet    thrpt    5  0.432 ± 0.235  ops/ms
TraversalPerformanceTest.forEachKeySet      thrpt    5  0.451 ± 0.135  ops/ms
TraversalPerformanceTest.keySet             thrpt    5  0.440 ± 0.111  ops/ms
TraversalPerformanceTest.lambda             thrpt    5  0.495 ± 0.024  ops/ms
TraversalPerformanceTest.parallelStreamApi  thrpt    5  0.473 ± 0.009  ops/ms
TraversalPerformanceTest.streamApi          thrpt    5  0.497 ± 0.016  ops/ms
